[debug] [2023-05-30T12:50:02.993Z] ----------------------------------------------------------------------
[debug] [2023-05-30T12:50:02.995Z] Command:       C:\Program Files\nodejs\node.exe C:\Program Files\nodejs\node_modules\firebase-tools\lib\bin\firebase.js serve
[debug] [2023-05-30T12:50:02.996Z] CLI Version:   12.1.0
[debug] [2023-05-30T12:50:02.996Z] Platform:      win32
[debug] [2023-05-30T12:50:02.997Z] Node Version:  v16.13.0
[debug] [2023-05-30T12:50:02.998Z] Time:          Tue May 30 2023 14:50:02 GMT+0200 (czas środkowoeuropejski letni)
[debug] [2023-05-30T12:50:02.999Z] ----------------------------------------------------------------------
[debug] 
[debug] [2023-05-30T12:50:03.100Z] > command requires scopes: ["email","openid","https://www.googleapis.com/auth/cloudplatformprojects.readonly","https://www.googleapis.com/auth/firebase","https://www.googleapis.com/auth/cloud-platform"]
[debug] [2023-05-30T12:50:03.100Z] > authorizing via signed-in user (pawecio33359@gmail.com)
[debug] [2023-05-30T12:50:03.100Z] [iam] checking project macao-4bf61 for permissions ["firebase.projects.get"]
[debug] [2023-05-30T12:50:03.102Z] >>> [apiv2][query] POST https://cloudresourcemanager.googleapis.com/v1/projects/macao-4bf61:testIamPermissions [none]
[debug] [2023-05-30T12:50:03.103Z] >>> [apiv2][(partial)header] POST https://cloudresourcemanager.googleapis.com/v1/projects/macao-4bf61:testIamPermissions x-goog-quota-user=projects/macao-4bf61
[debug] [2023-05-30T12:50:03.103Z] >>> [apiv2][body] POST https://cloudresourcemanager.googleapis.com/v1/projects/macao-4bf61:testIamPermissions {"permissions":["firebase.projects.get"]}
[debug] [2023-05-30T12:50:03.936Z] <<< [apiv2][status] POST https://cloudresourcemanager.googleapis.com/v1/projects/macao-4bf61:testIamPermissions 200
[debug] [2023-05-30T12:50:03.936Z] <<< [apiv2][body] POST https://cloudresourcemanager.googleapis.com/v1/projects/macao-4bf61:testIamPermissions {"permissions":["firebase.projects.get"]}
[debug] [2023-05-30T12:50:03.938Z] >>> [apiv2][query] GET https://firebase.googleapis.com/v1beta1/projects/macao-4bf61 [none]
[debug] [2023-05-30T12:50:04.253Z] <<< [apiv2][status] GET https://firebase.googleapis.com/v1beta1/projects/macao-4bf61 200
[debug] [2023-05-30T12:50:04.253Z] <<< [apiv2][body] GET https://firebase.googleapis.com/v1beta1/projects/macao-4bf61 {"projectId":"macao-4bf61","projectNumber":"977676151965","displayName":"Macao","name":"projects/macao-4bf61","resources":{"hostingSite":"macao-4bf61","realtimeDatabaseInstance":"macao-4bf61-default-rtdb","storageBucket":"macao-4bf61.appspot.com","locationId":"europe-central2"},"state":"ACTIVE","etag":"1_f7fb261d-6e00-46a7-9123-4ade0ae2c4e1"}
[info] 
[info] === Serving from 'C:\Users\pawec\Desktop\macau'...
[info] 
[debug] [2023-05-30T12:50:04.263Z] >>> [apiv2][query] GET https://firebasehosting.googleapis.com/v1beta1/projects/macao-4bf61/sites 
[debug] [2023-05-30T12:50:05.324Z] <<< [apiv2][status] GET https://firebasehosting.googleapis.com/v1beta1/projects/macao-4bf61/sites 200
[debug] [2023-05-30T12:50:05.324Z] <<< [apiv2][body] GET https://firebasehosting.googleapis.com/v1beta1/projects/macao-4bf61/sites {"sites":[{"name":"projects/macao-4bf61/sites/macao-4bf61","defaultUrl":"https://macao-4bf61.web.app","appId":"1:977676151965:web:bedb2dd3984d8cc43c7874","type":"DEFAULT_SITE"}]}
[debug] [2023-05-30T12:50:05.325Z] >>> [apiv2][query] GET https://firebase.googleapis.com/v1beta1/projects/macao-4bf61/webApps/1:977676151965:web:bedb2dd3984d8cc43c7874/config [none]
[debug] [2023-05-30T12:50:06.277Z] <<< [apiv2][status] GET https://firebase.googleapis.com/v1beta1/projects/macao-4bf61/webApps/1:977676151965:web:bedb2dd3984d8cc43c7874/config 200
[debug] [2023-05-30T12:50:06.277Z] <<< [apiv2][body] GET https://firebase.googleapis.com/v1beta1/projects/macao-4bf61/webApps/1:977676151965:web:bedb2dd3984d8cc43c7874/config {"projectId":"macao-4bf61","appId":"1:977676151965:web:bedb2dd3984d8cc43c7874","databaseURL":"https://macao-4bf61-default-rtdb.europe-west1.firebasedatabase.app","storageBucket":"macao-4bf61.appspot.com","locationId":"europe-central2","apiKey":"AIzaSyBPz9GDAUAGasqCxcj5iYD7DJTSg3tehss","authDomain":"macao-4bf61.firebaseapp.com","messagingSenderId":"977676151965"}
[debug] [2023-05-30T12:50:06.290Z] >>> [apiv2][query] GET https://firebase.googleapis.com/v1beta1/projects/macao-4bf61 [none]
[debug] [2023-05-30T12:50:06.688Z] <<< [apiv2][status] GET https://firebase.googleapis.com/v1beta1/projects/macao-4bf61 200
[debug] [2023-05-30T12:50:06.688Z] <<< [apiv2][body] GET https://firebase.googleapis.com/v1beta1/projects/macao-4bf61 {"projectId":"macao-4bf61","projectNumber":"977676151965","displayName":"Macao","name":"projects/macao-4bf61","resources":{"hostingSite":"macao-4bf61","realtimeDatabaseInstance":"macao-4bf61-default-rtdb","storageBucket":"macao-4bf61.appspot.com","locationId":"europe-central2"},"state":"ACTIVE","etag":"1_f7fb261d-6e00-46a7-9123-4ade0ae2c4e1"}
[info] i  hosting[macao-4bf61]: Serving hosting files from: dist {"metadata":{"emulator":{"name":"hosting"},"message":"Serving hosting files from: \u001b[1mdist\u001b[22m"}}
[info] +  hosting[macao-4bf61]: Local server: http://localhost:5000 {"metadata":{"emulator":{"name":"hosting"},"message":"Local server: \u001b[4m\u001b[1mhttp://localhost:5000\u001b[22m\u001b[24m"}}
